<?xml version="1.0" encoding="UTF-8"?>
<testng-results ignored="0" total="1" passed="1" failed="0" skipped="0">
  <reporter-output>
  </reporter-output>
  <suite started-at="2020-04-02T11:41:39Z" name="Suite" finished-at="2020-04-02T11:48:15Z" duration-ms="396247">
    <groups>
    </groups>
    <test started-at="2020-04-02T11:41:39Z" name="Test1" finished-at="2020-04-02T11:48:15Z" duration-ms="396247">
      <class name="cloud.tests.CoreHR.ManageEnterpriseHCMInformationITC_Test">
        <test-method is-config="true" signature="start()[pri:0, instance:cloud.tests.CoreHR.ManageEnterpriseHCMInformationITC_Test@568ff82]" started-at="2020-04-02T11:41:39Z" name="start" finished-at="2020-04-02T11:41:45Z" duration-ms="6174" status="PASS">
          <reporter-output>
          </reporter-output>
        </test-method> <!-- start -->
        <test-method signature="executeTest(java.lang.String, java.lang.String, java.lang.String)[pri:0, instance:cloud.tests.CoreHR.ManageEnterpriseHCMInformationITC_Test@568ff82]" started-at="2020-04-02T11:41:45Z" name="executeTest" finished-at="2020-04-02T11:48:14Z" duration-ms="388528" status="PASS">
          <params>
            <param index="0">
              <value>
                <![CDATA[src\cloud\tests\CoreHR\ManageEnterpriseHCMInformationITC_Test.xlsx]]>
              </value>
            </param>
            <param index="1">
              <value>
                <![CDATA[TS01]]>
              </value>
            </param>
            <param index="2">
              <value>
                <![CDATA[T01]]>
              </value>
            </param>
          </params>
          <reporter-output>
          </reporter-output>
        </test-method> <!-- executeTest -->
        <test-method is-config="true" signature="end()[pri:0, instance:cloud.tests.CoreHR.ManageEnterpriseHCMInformationITC_Test@568ff82]" started-at="2020-04-02T11:48:14Z" name="end" finished-at="2020-04-02T11:48:15Z" duration-ms="1521" status="PASS">
          <reporter-output>
          </reporter-output>
        </test-method> <!-- end -->
      </class> <!-- cloud.tests.CoreHR.ManageEnterpriseHCMInformationITC_Test -->
    </test> <!-- Test1 -->
  </suite> <!-- Suite -->
</testng-results>
